<?xml version="1.0" encoding="UTF-8"?>
<testsuite xmlns:xsi="http://www.w3.org/2001/XMLSchema-instance" xsi:noNamespaceSchemaLocation="https://maven.apache.org/surefire/maven-surefire-plugin/xsd/surefire-test-report.xsd" name="TestDemo" time="1.25" tests="1" errors="0" skipped="0" failures="0">
  <properties>
    <property name="sun.desktop" value="windows"/>
    <property name="awt.toolkit" value="sun.awt.windows.WToolkit"/>
    <property name="file.encoding.pkg" value="sun.io"/>
    <property name="java.specification.version" value="1.8"/>
    <property name="sun.cpu.isalist" value="amd64"/>
    <property name="sun.jnu.encoding" value="GBK"/>
    <property name="java.class.path" value="C:\IDEAProject\guli_parent\service\service_vod\target\test-classes;C:\IDEAProject\guli_parent\service\service_vod\target\classes;C:\maven_repository\org\springframework\boot\spring-boot-starter-amqp\2.2.10.RELEASE\spring-boot-starter-amqp-2.2.10.RELEASE.jar;C:\maven_repository\org\springframework\spring-messaging\5.2.9.RELEASE\spring-messaging-5.2.9.RELEASE.jar;C:\maven_repository\org\springframework\spring-beans\5.2.9.RELEASE\spring-beans-5.2.9.RELEASE.jar;C:\maven_repository\org\springframework\amqp\spring-rabbit\2.2.11.RELEASE\spring-rabbit-2.2.11.RELEASE.jar;C:\maven_repository\com\rabbitmq\amqp-client\5.7.3\amqp-client-5.7.3.jar;C:\maven_repository\org\springframework\amqp\spring-amqp\2.2.11.RELEASE\spring-amqp-2.2.11.RELEASE.jar;C:\maven_repository\org\springframework\retry\spring-retry\1.2.5.RELEASE\spring-retry-1.2.5.RELEASE.jar;C:\maven_repository\org\springframework\spring-context\5.2.9.RELEASE\spring-context-5.2.9.RELEASE.jar;C:\maven_repository\org\springframework\spring-tx\5.2.9.RELEASE\spring-tx-5.2.9.RELEASE.jar;C:\maven_repository\com\atguigu\common_utils\0.0.1-SNAPSHOT\common_utils-0.0.1-SNAPSHOT.jar;C:\maven_repository\io\jsonwebtoken\jjwt\0.7.0\jjwt-0.7.0.jar;C:\maven_repository\com\fasterxml\jackson\core\jackson-databind\2.10.5\jackson-databind-2.10.5.jar;C:\maven_repository\org\springframework\boot\spring-boot-starter-data-redis\2.2.10.RELEASE\spring-boot-starter-data-redis-2.2.10.RELEASE.jar;C:\maven_repository\org\springframework\data\spring-data-redis\2.2.10.RELEASE\spring-data-redis-2.2.10.RELEASE.jar;C:\maven_repository\org\springframework\data\spring-data-keyvalue\2.2.10.RELEASE\spring-data-keyvalue-2.2.10.RELEASE.jar;C:\maven_repository\org\springframework\data\spring-data-commons\2.2.10.RELEASE\spring-data-commons-2.2.10.RELEASE.jar;C:\maven_repository\org\springframework\spring-oxm\5.2.9.RELEASE\spring-oxm-5.2.9.RELEASE.jar;C:\maven_repository\org\springframework\spring-context-support\5.2.9.RELEASE\spring-context-support-5.2.9.RELEASE.jar;C:\maven_repository\io\lettuce\lettuce-core\5.2.2.RELEASE\lettuce-core-5.2.2.RELEASE.jar;C:\maven_repository\io\netty\netty-common\4.1.52.Final\netty-common-4.1.52.Final.jar;C:\maven_repository\io\netty\netty-handler\4.1.52.Final\netty-handler-4.1.52.Final.jar;C:\maven_repository\io\netty\netty-resolver\4.1.52.Final\netty-resolver-4.1.52.Final.jar;C:\maven_repository\io\netty\netty-buffer\4.1.52.Final\netty-buffer-4.1.52.Final.jar;C:\maven_repository\io\netty\netty-codec\4.1.52.Final\netty-codec-4.1.52.Final.jar;C:\maven_repository\io\netty\netty-transport\4.1.52.Final\netty-transport-4.1.52.Final.jar;C:\maven_repository\io\projectreactor\reactor-core\3.3.10.RELEASE\reactor-core-3.3.10.RELEASE.jar;C:\maven_repository\org\apache\commons\commons-pool2\2.7.0\commons-pool2-2.7.0.jar;C:\maven_repository\com\aliyun\aliyun-java-sdk-core\4.3.3\aliyun-java-sdk-core-4.3.3.jar;C:\maven_repository\javax\xml\bind\jaxb-api\2.3.1\jaxb-api-2.3.1.jar;C:\maven_repository\javax\activation\javax.activation-api\1.2.0\javax.activation-api-1.2.0.jar;C:\maven_repository\com\sun\xml\bind\jaxb-core\2.3.0.1\jaxb-core-2.3.0.1.jar;C:\maven_repository\com\sun\xml\bind\jaxb-impl\2.3.2\jaxb-impl-2.3.2.jar;C:\maven_repository\javax\activation\activation\1.1.1\activation-1.1.1.jar;C:\maven_repository\org\jacoco\org.jacoco.agent\0.8.3\org.jacoco.agent-0.8.3-runtime.jar;C:\maven_repository\com\aliyun\oss\aliyun-sdk-oss\3.1.0\aliyun-sdk-oss-3.1.0.jar;C:\maven_repository\org\jdom\jdom\1.1\jdom-1.1.jar;C:\maven_repository\com\sun\jersey\jersey-json\1.9\jersey-json-1.9.jar;C:\maven_repository\org\codehaus\jettison\jettison\1.1\jettison-1.1.jar;C:\maven_repository\stax\stax-api\1.0.1\stax-api-1.0.1.jar;C:\maven_repository\org\codehaus\jackson\jackson-core-asl\1.8.3\jackson-core-asl-1.8.3.jar;C:\maven_repository\org\codehaus\jackson\jackson-mapper-asl\1.8.3\jackson-mapper-asl-1.8.3.jar;C:\maven_repository\org\codehaus\jackson\jackson-jaxrs\1.8.3\jackson-jaxrs-1.8.3.jar;C:\maven_repository\org\codehaus\jackson\jackson-xc\1.8.3\jackson-xc-1.8.3.jar;C:\maven_repository\com\sun\jersey\jersey-core\1.9\jersey-core-1.9.jar;C:\maven_repository\com\aliyun\aliyun-java-sdk-ram\3.0.0\aliyun-java-sdk-ram-3.0.0.jar;C:\maven_repository\com\aliyun\aliyun-java-sdk-sts\3.0.0\aliyun-java-sdk-sts-3.0.0.jar;C:\maven_repository\com\aliyun\aliyun-java-sdk-ecs\4.2.0\aliyun-java-sdk-ecs-4.2.0.jar;C:\maven_repository\com\aliyun\aliyun-java-sdk-vod\2.15.2\aliyun-java-sdk-vod-2.15.2.jar;C:\maven_repository\com\aliyun\aliyun-sdk-vod-upload\1.4.11\aliyun-sdk-vod-upload-1.4.11.jar;C:\maven_repository\com\alibaba\fastjson\1.2.28\fastjson-1.2.28.jar;C:\maven_repository\org\json\json\20170516\json-20170516.jar;C:\maven_repository\com\google\code\gson\gson\2.8.2\gson-2.8.2.jar;C:\maven_repository\joda-time\joda-time\2.10.1\joda-time-2.10.1.jar;C:\maven_repository\com\atguigu\service_base\0.0.1-SNAPSHOT\service_base-0.0.1-SNAPSHOT.jar;C:\maven_repository\org\springframework\cloud\spring-cloud-starter-netflix-hystrix\2.2.1.RELEASE\spring-cloud-starter-netflix-hystrix-2.2.1.RELEASE.jar;C:\maven_repository\org\springframework\cloud\spring-cloud-starter\2.2.1.RELEASE\spring-cloud-starter-2.2.1.RELEASE.jar;C:\maven_repository\org\springframework\security\spring-security-rsa\1.0.9.RELEASE\spring-security-rsa-1.0.9.RELEASE.jar;C:\maven_repository\org\bouncycastle\bcpkix-jdk15on\1.64\bcpkix-jdk15on-1.64.jar;C:\maven_repository\org\bouncycastle\bcprov-jdk15on\1.64\bcprov-jdk15on-1.64.jar;C:\maven_repository\org\springframework\cloud\spring-cloud-netflix-hystrix\2.2.1.RELEASE\spring-cloud-netflix-hystrix-2.2.1.RELEASE.jar;C:\maven_repository\org\springframework\boot\spring-boot-starter-aop\2.2.10.RELEASE\spring-boot-starter-aop-2.2.10.RELEASE.jar;C:\maven_repository\org\springframework\cloud\spring-cloud-netflix-ribbon\2.2.1.RELEASE\spring-cloud-netflix-ribbon-2.2.1.RELEASE.jar;C:\maven_repository\org\springframework\cloud\spring-cloud-netflix-archaius\2.2.1.RELEASE\spring-cloud-netflix-archaius-2.2.1.RELEASE.jar;C:\maven_repository\org\springframework\cloud\spring-cloud-starter-netflix-archaius\2.2.1.RELEASE\spring-cloud-starter-netflix-archaius-2.2.1.RELEASE.jar;C:\maven_repository\com\netflix\archaius\archaius-core\0.7.6\archaius-core-0.7.6.jar;C:\maven_repository\com\google\code\findbugs\jsr305\3.0.1\jsr305-3.0.1.jar;C:\maven_repository\commons-configuration\commons-configuration\1.8\commons-configuration-1.8.jar;C:\maven_repository\commons-lang\commons-lang\2.6\commons-lang-2.6.jar;C:\maven_repository\com\netflix\hystrix\hystrix-core\1.5.18\hystrix-core-1.5.18.jar;C:\maven_repository\io\reactivex\rxjava\1.3.8\rxjava-1.3.8.jar;C:\maven_repository\org\hdrhistogram\HdrHistogram\2.1.9\HdrHistogram-2.1.9.jar;C:\maven_repository\com\netflix\hystrix\hystrix-serialization\1.5.18\hystrix-serialization-1.5.18.jar;C:\maven_repository\com\fasterxml\jackson\module\jackson-module-afterburner\2.10.5\jackson-module-afterburner-2.10.5.jar;C:\maven_repository\com\fasterxml\jackson\core\jackson-core\2.10.5\jackson-core-2.10.5.jar;C:\maven_repository\com\fasterxml\jackson\core\jackson-annotations\2.10.5\jackson-annotations-2.10.5.jar;C:\maven_repository\com\netflix\hystrix\hystrix-metrics-event-stream\1.5.18\hystrix-metrics-event-stream-1.5.18.jar;C:\maven_repository\com\netflix\hystrix\hystrix-javanica\1.5.18\hystrix-javanica-1.5.18.jar;C:\maven_repository\org\ow2\asm\asm\5.0.4\asm-5.0.4.jar;C:\maven_repository\org\aspectj\aspectjweaver\1.9.6\aspectjweaver-1.9.6.jar;C:\maven_repository\io\reactivex\rxjava-reactive-streams\1.2.1\rxjava-reactive-streams-1.2.1.jar;C:\maven_repository\org\reactivestreams\reactive-streams\1.0.3\reactive-streams-1.0.3.jar;C:\maven_repository\com\alibaba\cloud\spring-cloud-starter-alibaba-nacos-discovery\2.2.1.RELEASE\spring-cloud-starter-alibaba-nacos-discovery-2.2.1.RELEASE.jar;C:\maven_repository\com\alibaba\nacos\nacos-client\1.2.1\nacos-client-1.2.1.jar;C:\maven_repository\com\alibaba\nacos\nacos-common\1.2.1\nacos-common-1.2.1.jar;C:\maven_repository\com\alibaba\nacos\nacos-api\1.2.1\nacos-api-1.2.1.jar;C:\maven_repository\io\prometheus\simpleclient\0.5.0\simpleclient-0.5.0.jar;C:\maven_repository\com\alibaba\spring\spring-context-support\1.0.6\spring-context-support-1.0.6.jar;C:\maven_repository\org\springframework\cloud\spring-cloud-commons\2.2.1.RELEASE\spring-cloud-commons-2.2.1.RELEASE.jar;C:\maven_repository\org\springframework\security\spring-security-crypto\5.2.6.RELEASE\spring-security-crypto-5.2.6.RELEASE.jar;C:\maven_repository\org\springframework\cloud\spring-cloud-context\2.2.1.RELEASE\spring-cloud-context-2.2.1.RELEASE.jar;C:\maven_repository\org\springframework\cloud\spring-cloud-starter-netflix-ribbon\2.2.1.RELEASE\spring-cloud-starter-netflix-ribbon-2.2.1.RELEASE.jar;C:\maven_repository\com\netflix\ribbon\ribbon\2.3.0\ribbon-2.3.0.jar;C:\maven_repository\com\netflix\ribbon\ribbon-transport\2.3.0\ribbon-transport-2.3.0.jar;C:\maven_repository\io\reactivex\rxnetty-contexts\0.4.9\rxnetty-contexts-0.4.9.jar;C:\maven_repository\io\reactivex\rxnetty-servo\0.4.9\rxnetty-servo-0.4.9.jar;C:\maven_repository\javax\inject\javax.inject\1\javax.inject-1.jar;C:\maven_repository\io\reactivex\rxnetty\0.4.9\rxnetty-0.4.9.jar;C:\maven_repository\com\netflix\ribbon\ribbon-core\2.3.0\ribbon-core-2.3.0.jar;C:\maven_repository\com\netflix\ribbon\ribbon-httpclient\2.3.0\ribbon-httpclient-2.3.0.jar;C:\maven_repository\commons-collections\commons-collections\3.2.2\commons-collections-3.2.2.jar;C:\maven_repository\com\sun\jersey\jersey-client\1.19.1\jersey-client-1.19.1.jar;C:\maven_repository\com\sun\jersey\contribs\jersey-apache-client4\1.19.1\jersey-apache-client4-1.19.1.jar;C:\maven_repository\com\netflix\servo\servo-core\0.12.21\servo-core-0.12.21.jar;C:\maven_repository\com\netflix\netflix-commons\netflix-commons-util\0.3.0\netflix-commons-util-0.3.0.jar;C:\maven_repository\com\netflix\ribbon\ribbon-loadbalancer\2.3.0\ribbon-loadbalancer-2.3.0.jar;C:\maven_repository\com\netflix\netflix-commons\netflix-statistics\0.1.1\netflix-statistics-0.1.1.jar;C:\maven_repository\org\springframework\cloud\spring-cloud-starter-openfeign\2.2.1.RELEASE\spring-cloud-starter-openfeign-2.2.1.RELEASE.jar;C:\maven_repository\org\springframework\cloud\spring-cloud-openfeign-core\2.2.1.RELEASE\spring-cloud-openfeign-core-2.2.1.RELEASE.jar;C:\maven_repository\io\github\openfeign\form\feign-form-spring\3.8.0\feign-form-spring-3.8.0.jar;C:\maven_repository\io\github\openfeign\form\feign-form\3.8.0\feign-form-3.8.0.jar;C:\maven_repository\org\springframework\spring-web\5.2.9.RELEASE\spring-web-5.2.9.RELEASE.jar;C:\maven_repository\io\github\openfeign\feign-core\10.4.0\feign-core-10.4.0.jar;C:\maven_repository\io\github\openfeign\feign-slf4j\10.4.0\feign-slf4j-10.4.0.jar;C:\maven_repository\io\github\openfeign\feign-hystrix\10.4.0\feign-hystrix-10.4.0.jar;C:\maven_repository\org\springframework\boot\spring-boot-starter-web\2.2.10.RELEASE\spring-boot-starter-web-2.2.10.RELEASE.jar;C:\maven_repository\org\springframework\boot\spring-boot-starter-json\2.2.10.RELEASE\spring-boot-starter-json-2.2.10.RELEASE.jar;C:\maven_repository\com\fasterxml\jackson\datatype\jackson-datatype-jdk8\2.10.5\jackson-datatype-jdk8-2.10.5.jar;C:\maven_repository\com\fasterxml\jackson\datatype\jackson-datatype-jsr310\2.10.5\jackson-datatype-jsr310-2.10.5.jar;C:\maven_repository\com\fasterxml\jackson\module\jackson-module-parameter-names\2.10.5\jackson-module-parameter-names-2.10.5.jar;C:\maven_repository\org\springframework\boot\spring-boot-starter-tomcat\2.2.10.RELEASE\spring-boot-starter-tomcat-2.2.10.RELEASE.jar;C:\maven_repository\org\apache\tomcat\embed\tomcat-embed-core\9.0.38\tomcat-embed-core-9.0.38.jar;C:\maven_repository\org\apache\tomcat\embed\tomcat-embed-el\9.0.38\tomcat-embed-el-9.0.38.jar;C:\maven_repository\org\apache\tomcat\embed\tomcat-embed-websocket\9.0.38\tomcat-embed-websocket-9.0.38.jar;C:\maven_repository\org\springframework\boot\spring-boot-starter-validation\2.2.10.RELEASE\spring-boot-starter-validation-2.2.10.RELEASE.jar;C:\maven_repository\jakarta\validation\jakarta.validation-api\2.0.2\jakarta.validation-api-2.0.2.jar;C:\maven_repository\org\hibernate\validator\hibernate-validator\6.0.20.Final\hibernate-validator-6.0.20.Final.jar;C:\maven_repository\org\jboss\logging\jboss-logging\3.4.1.Final\jboss-logging-3.4.1.Final.jar;C:\maven_repository\org\springframework\spring-webmvc\5.2.9.RELEASE\spring-webmvc-5.2.9.RELEASE.jar;C:\maven_repository\org\springframework\spring-aop\5.2.9.RELEASE\spring-aop-5.2.9.RELEASE.jar;C:\maven_repository\org\springframework\spring-expression\5.2.9.RELEASE\spring-expression-5.2.9.RELEASE.jar;C:\maven_repository\com\baomidou\mybatis-plus-boot-starter\3.0.5\mybatis-plus-boot-starter-3.0.5.jar;C:\maven_repository\com\baomidou\mybatis-plus\3.0.5\mybatis-plus-3.0.5.jar;C:\maven_repository\com\baomidou\mybatis-plus-extension\3.0.5\mybatis-plus-extension-3.0.5.jar;C:\maven_repository\com\baomidou\mybatis-plus-core\3.0.5\mybatis-plus-core-3.0.5.jar;C:\maven_repository\com\baomidou\mybatis-plus-annotation\3.0.5\mybatis-plus-annotation-3.0.5.jar;C:\maven_repository\com\github\jsqlparser\jsqlparser\1.2\jsqlparser-1.2.jar;C:\maven_repository\org\mybatis\mybatis-spring\1.3.2\mybatis-spring-1.3.2.jar;C:\maven_repository\org\mybatis\mybatis\3.4.6\mybatis-3.4.6.jar;C:\maven_repository\com\baomidou\mybatis-plus-generator\3.0.5\mybatis-plus-generator-3.0.5.jar;C:\maven_repository\org\springframework\boot\spring-boot-autoconfigure\2.2.10.RELEASE\spring-boot-autoconfigure-2.2.10.RELEASE.jar;C:\maven_repository\org\springframework\boot\spring-boot-starter-jdbc\2.2.10.RELEASE\spring-boot-starter-jdbc-2.2.10.RELEASE.jar;C:\maven_repository\com\zaxxer\HikariCP\3.4.5\HikariCP-3.4.5.jar;C:\maven_repository\org\springframework\spring-jdbc\5.2.9.RELEASE\spring-jdbc-5.2.9.RELEASE.jar;C:\maven_repository\org\springframework\boot\spring-boot-configuration-processor\2.2.10.RELEASE\spring-boot-configuration-processor-2.2.10.RELEASE.jar;C:\maven_repository\mysql\mysql-connector-java\8.0.21\mysql-connector-java-8.0.21.jar;C:\maven_repository\org\apache\velocity\velocity-engine-core\2.0\velocity-engine-core-2.0.jar;C:\maven_repository\org\apache\commons\commons-lang3\3.9\commons-lang3-3.9.jar;C:\maven_repository\org\slf4j\slf4j-api\1.7.30\slf4j-api-1.7.30.jar;C:\maven_repository\io\springfox\springfox-swagger2\2.7.0\springfox-swagger2-2.7.0.jar;C:\maven_repository\io\swagger\swagger-annotations\1.5.13\swagger-annotations-1.5.13.jar;C:\maven_repository\io\swagger\swagger-models\1.5.13\swagger-models-1.5.13.jar;C:\maven_repository\io\springfox\springfox-spi\2.7.0\springfox-spi-2.7.0.jar;C:\maven_repository\io\springfox\springfox-core\2.7.0\springfox-core-2.7.0.jar;C:\maven_repository\io\springfox\springfox-schema\2.7.0\springfox-schema-2.7.0.jar;C:\maven_repository\io\springfox\springfox-swagger-common\2.7.0\springfox-swagger-common-2.7.0.jar;C:\maven_repository\io\springfox\springfox-spring-web\2.7.0\springfox-spring-web-2.7.0.jar;C:\maven_repository\org\reflections\reflections\0.9.11\reflections-0.9.11.jar;C:\maven_repository\org\javassist\javassist\3.21.0-GA\javassist-3.21.0-GA.jar;C:\maven_repository\com\google\guava\guava\18.0\guava-18.0.jar;C:\maven_repository\com\fasterxml\classmate\1.5.1\classmate-1.5.1.jar;C:\maven_repository\org\springframework\plugin\spring-plugin-core\1.2.0.RELEASE\spring-plugin-core-1.2.0.RELEASE.jar;C:\maven_repository\org\springframework\plugin\spring-plugin-metadata\1.2.0.RELEASE\spring-plugin-metadata-1.2.0.RELEASE.jar;C:\maven_repository\org\mapstruct\mapstruct\1.1.0.Final\mapstruct-1.1.0.Final.jar;C:\maven_repository\io\springfox\springfox-swagger-ui\2.7.0\springfox-swagger-ui-2.7.0.jar;C:\maven_repository\org\projectlombok\lombok\1.18.12\lombok-1.18.12.jar;C:\maven_repository\org\apache\poi\poi\3.17\poi-3.17.jar;C:\maven_repository\commons-codec\commons-codec\1.13\commons-codec-1.13.jar;C:\maven_repository\org\apache\commons\commons-collections4\4.1\commons-collections4-4.1.jar;C:\maven_repository\org\apache\poi\poi-ooxml\3.17\poi-ooxml-3.17.jar;C:\maven_repository\org\apache\poi\poi-ooxml-schemas\3.17\poi-ooxml-schemas-3.17.jar;C:\maven_repository\org\apache\xmlbeans\xmlbeans\2.6.0\xmlbeans-2.6.0.jar;C:\maven_repository\com\github\virtuald\curvesapi\1.04\curvesapi-1.04.jar;C:\maven_repository\commons-fileupload\commons-fileupload\1.3.1\commons-fileupload-1.3.1.jar;C:\maven_repository\org\apache\httpcomponents\httpclient\4.5.1\httpclient-4.5.1.jar;C:\maven_repository\org\apache\httpcomponents\httpcore\4.4.13\httpcore-4.4.13.jar;C:\maven_repository\commons-logging\commons-logging\1.2\commons-logging-1.2.jar;C:\maven_repository\commons-io\commons-io\2.6\commons-io-2.6.jar;C:\maven_repository\junit\junit\4.12\junit-4.12.jar;C:\maven_repository\org\hamcrest\hamcrest-core\2.1\hamcrest-core-2.1.jar;C:\maven_repository\org\springframework\boot\spring-boot-starter\2.2.10.RELEASE\spring-boot-starter-2.2.10.RELEASE.jar;C:\maven_repository\org\springframework\boot\spring-boot\2.2.10.RELEASE\spring-boot-2.2.10.RELEASE.jar;C:\maven_repository\org\springframework\boot\spring-boot-starter-logging\2.2.10.RELEASE\spring-boot-starter-logging-2.2.10.RELEASE.jar;C:\maven_repository\ch\qos\logback\logback-classic\1.2.3\logback-classic-1.2.3.jar;C:\maven_repository\ch\qos\logback\logback-core\1.2.3\logback-core-1.2.3.jar;C:\maven_repository\org\apache\logging\log4j\log4j-to-slf4j\2.12.1\log4j-to-slf4j-2.12.1.jar;C:\maven_repository\org\apache\logging\log4j\log4j-api\2.12.1\log4j-api-2.12.1.jar;C:\maven_repository\org\slf4j\jul-to-slf4j\1.7.30\jul-to-slf4j-1.7.30.jar;C:\maven_repository\jakarta\annotation\jakarta.annotation-api\1.3.5\jakarta.annotation-api-1.3.5.jar;C:\maven_repository\org\springframework\spring-core\5.2.9.RELEASE\spring-core-5.2.9.RELEASE.jar;C:\maven_repository\org\springframework\spring-jcl\5.2.9.RELEASE\spring-jcl-5.2.9.RELEASE.jar;C:\maven_repository\org\yaml\snakeyaml\1.25\snakeyaml-1.25.jar;C:\maven_repository\org\springframework\boot\spring-boot-starter-test\2.2.10.RELEASE\spring-boot-starter-test-2.2.10.RELEASE.jar;C:\maven_repository\org\springframework\boot\spring-boot-test\2.2.10.RELEASE\spring-boot-test-2.2.10.RELEASE.jar;C:\maven_repository\org\springframework\boot\spring-boot-test-autoconfigure\2.2.10.RELEASE\spring-boot-test-autoconfigure-2.2.10.RELEASE.jar;C:\maven_repository\com\jayway\jsonpath\json-path\2.4.0\json-path-2.4.0.jar;C:\maven_repository\net\minidev\json-smart\2.3\json-smart-2.3.jar;C:\maven_repository\net\minidev\accessors-smart\1.2\accessors-smart-1.2.jar;C:\maven_repository\jakarta\xml\bind\jakarta.xml.bind-api\2.3.3\jakarta.xml.bind-api-2.3.3.jar;C:\maven_repository\jakarta\activation\jakarta.activation-api\1.2.2\jakarta.activation-api-1.2.2.jar;C:\maven_repository\org\junit\jupiter\junit-jupiter\5.5.2\junit-jupiter-5.5.2.jar;C:\maven_repository\org\junit\jupiter\junit-jupiter-api\5.5.2\junit-jupiter-api-5.5.2.jar;C:\maven_repository\org\apiguardian\apiguardian-api\1.1.0\apiguardian-api-1.1.0.jar;C:\maven_repository\org\opentest4j\opentest4j\1.2.0\opentest4j-1.2.0.jar;C:\maven_repository\org\junit\platform\junit-platform-commons\1.5.2\junit-platform-commons-1.5.2.jar;C:\maven_repository\org\junit\jupiter\junit-jupiter-params\5.5.2\junit-jupiter-params-5.5.2.jar;C:\maven_repository\org\junit\jupiter\junit-jupiter-engine\5.5.2\junit-jupiter-engine-5.5.2.jar;C:\maven_repository\org\junit\platform\junit-platform-engine\1.5.2\junit-platform-engine-1.5.2.jar;C:\maven_repository\org\mockito\mockito-junit-jupiter\3.1.0\mockito-junit-jupiter-3.1.0.jar;C:\maven_repository\org\assertj\assertj-core\3.13.2\assertj-core-3.13.2.jar;C:\maven_repository\org\hamcrest\hamcrest\2.1\hamcrest-2.1.jar;C:\maven_repository\org\mockito\mockito-core\3.1.0\mockito-core-3.1.0.jar;C:\maven_repository\net\bytebuddy\byte-buddy\1.10.14\byte-buddy-1.10.14.jar;C:\maven_repository\net\bytebuddy\byte-buddy-agent\1.10.14\byte-buddy-agent-1.10.14.jar;C:\maven_repository\org\objenesis\objenesis\2.6\objenesis-2.6.jar;C:\maven_repository\org\skyscreamer\jsonassert\1.5.0\jsonassert-1.5.0.jar;C:\maven_repository\com\vaadin\external\google\android-json\0.0.20131108.vaadin1\android-json-0.0.20131108.vaadin1.jar;C:\maven_repository\org\springframework\spring-test\5.2.9.RELEASE\spring-test-5.2.9.RELEASE.jar;C:\maven_repository\org\xmlunit\xmlunit-core\2.6.4\xmlunit-core-2.6.4.jar;"/>
    <property name="java.vm.vendor" value="Oracle Corporation"/>
    <property name="sun.arch.data.model" value="64"/>
    <property name="user.variant" value=""/>
    <property name="java.vendor.url" value="http://java.oracle.com/"/>
    <property name="user.timezone" value="Asia/Shanghai"/>
    <property name="java.vm.specification.version" value="1.8"/>
    <property name="os.name" value="Windows 10"/>
    <property name="user.country" value="CN"/>
    <property name="sun.java.launcher" value="SUN_STANDARD"/>
    <property name="sun.boot.library.path" value="C:\Program Files\Java\jdk1.8.0_131\jre\bin"/>
    <property name="sun.java.command" value="C:\Users\TiachLi\AppData\Local\Temp\surefire7513054938137771617\surefirebooter1481689535618307388.jar C:\Users\TiachLi\AppData\Local\Temp\surefire7513054938137771617 2020-12-26T13-06-24_800-jvmRun1 surefire3132332927213452703tmp surefire_07375538573134418083tmp"/>
    <property name="surefire.test.class.path" value="C:\IDEAProject\guli_parent\service\service_vod\target\test-classes;C:\IDEAProject\guli_parent\service\service_vod\target\classes;C:\maven_repository\org\springframework\boot\spring-boot-starter-amqp\2.2.10.RELEASE\spring-boot-starter-amqp-2.2.10.RELEASE.jar;C:\maven_repository\org\springframework\spring-messaging\5.2.9.RELEASE\spring-messaging-5.2.9.RELEASE.jar;C:\maven_repository\org\springframework\spring-beans\5.2.9.RELEASE\spring-beans-5.2.9.RELEASE.jar;C:\maven_repository\org\springframework\amqp\spring-rabbit\2.2.11.RELEASE\spring-rabbit-2.2.11.RELEASE.jar;C:\maven_repository\com\rabbitmq\amqp-client\5.7.3\amqp-client-5.7.3.jar;C:\maven_repository\org\springframework\amqp\spring-amqp\2.2.11.RELEASE\spring-amqp-2.2.11.RELEASE.jar;C:\maven_repository\org\springframework\retry\spring-retry\1.2.5.RELEASE\spring-retry-1.2.5.RELEASE.jar;C:\maven_repository\org\springframework\spring-context\5.2.9.RELEASE\spring-context-5.2.9.RELEASE.jar;C:\maven_repository\org\springframework\spring-tx\5.2.9.RELEASE\spring-tx-5.2.9.RELEASE.jar;C:\maven_repository\com\atguigu\common_utils\0.0.1-SNAPSHOT\common_utils-0.0.1-SNAPSHOT.jar;C:\maven_repository\io\jsonwebtoken\jjwt\0.7.0\jjwt-0.7.0.jar;C:\maven_repository\com\fasterxml\jackson\core\jackson-databind\2.10.5\jackson-databind-2.10.5.jar;C:\maven_repository\org\springframework\boot\spring-boot-starter-data-redis\2.2.10.RELEASE\spring-boot-starter-data-redis-2.2.10.RELEASE.jar;C:\maven_repository\org\springframework\data\spring-data-redis\2.2.10.RELEASE\spring-data-redis-2.2.10.RELEASE.jar;C:\maven_repository\org\springframework\data\spring-data-keyvalue\2.2.10.RELEASE\spring-data-keyvalue-2.2.10.RELEASE.jar;C:\maven_repository\org\springframework\data\spring-data-commons\2.2.10.RELEASE\spring-data-commons-2.2.10.RELEASE.jar;C:\maven_repository\org\springframework\spring-oxm\5.2.9.RELEASE\spring-oxm-5.2.9.RELEASE.jar;C:\maven_repository\org\springframework\spring-context-support\5.2.9.RELEASE\spring-context-support-5.2.9.RELEASE.jar;C:\maven_repository\io\lettuce\lettuce-core\5.2.2.RELEASE\lettuce-core-5.2.2.RELEASE.jar;C:\maven_repository\io\netty\netty-common\4.1.52.Final\netty-common-4.1.52.Final.jar;C:\maven_repository\io\netty\netty-handler\4.1.52.Final\netty-handler-4.1.52.Final.jar;C:\maven_repository\io\netty\netty-resolver\4.1.52.Final\netty-resolver-4.1.52.Final.jar;C:\maven_repository\io\netty\netty-buffer\4.1.52.Final\netty-buffer-4.1.52.Final.jar;C:\maven_repository\io\netty\netty-codec\4.1.52.Final\netty-codec-4.1.52.Final.jar;C:\maven_repository\io\netty\netty-transport\4.1.52.Final\netty-transport-4.1.52.Final.jar;C:\maven_repository\io\projectreactor\reactor-core\3.3.10.RELEASE\reactor-core-3.3.10.RELEASE.jar;C:\maven_repository\org\apache\commons\commons-pool2\2.7.0\commons-pool2-2.7.0.jar;C:\maven_repository\com\aliyun\aliyun-java-sdk-core\4.3.3\aliyun-java-sdk-core-4.3.3.jar;C:\maven_repository\javax\xml\bind\jaxb-api\2.3.1\jaxb-api-2.3.1.jar;C:\maven_repository\javax\activation\javax.activation-api\1.2.0\javax.activation-api-1.2.0.jar;C:\maven_repository\com\sun\xml\bind\jaxb-core\2.3.0.1\jaxb-core-2.3.0.1.jar;C:\maven_repository\com\sun\xml\bind\jaxb-impl\2.3.2\jaxb-impl-2.3.2.jar;C:\maven_repository\javax\activation\activation\1.1.1\activation-1.1.1.jar;C:\maven_repository\org\jacoco\org.jacoco.agent\0.8.3\org.jacoco.agent-0.8.3-runtime.jar;C:\maven_repository\com\aliyun\oss\aliyun-sdk-oss\3.1.0\aliyun-sdk-oss-3.1.0.jar;C:\maven_repository\org\jdom\jdom\1.1\jdom-1.1.jar;C:\maven_repository\com\sun\jersey\jersey-json\1.9\jersey-json-1.9.jar;C:\maven_repository\org\codehaus\jettison\jettison\1.1\jettison-1.1.jar;C:\maven_repository\stax\stax-api\1.0.1\stax-api-1.0.1.jar;C:\maven_repository\org\codehaus\jackson\jackson-core-asl\1.8.3\jackson-core-asl-1.8.3.jar;C:\maven_repository\org\codehaus\jackson\jackson-mapper-asl\1.8.3\jackson-mapper-asl-1.8.3.jar;C:\maven_repository\org\codehaus\jackson\jackson-jaxrs\1.8.3\jackson-jaxrs-1.8.3.jar;C:\maven_repository\org\codehaus\jackson\jackson-xc\1.8.3\jackson-xc-1.8.3.jar;C:\maven_repository\com\sun\jersey\jersey-core\1.9\jersey-core-1.9.jar;C:\maven_repository\com\aliyun\aliyun-java-sdk-ram\3.0.0\aliyun-java-sdk-ram-3.0.0.jar;C:\maven_repository\com\aliyun\aliyun-java-sdk-sts\3.0.0\aliyun-java-sdk-sts-3.0.0.jar;C:\maven_repository\com\aliyun\aliyun-java-sdk-ecs\4.2.0\aliyun-java-sdk-ecs-4.2.0.jar;C:\maven_repository\com\aliyun\aliyun-java-sdk-vod\2.15.2\aliyun-java-sdk-vod-2.15.2.jar;C:\maven_repository\com\aliyun\aliyun-sdk-vod-upload\1.4.11\aliyun-sdk-vod-upload-1.4.11.jar;C:\maven_repository\com\alibaba\fastjson\1.2.28\fastjson-1.2.28.jar;C:\maven_repository\org\json\json\20170516\json-20170516.jar;C:\maven_repository\com\google\code\gson\gson\2.8.2\gson-2.8.2.jar;C:\maven_repository\joda-time\joda-time\2.10.1\joda-time-2.10.1.jar;C:\maven_repository\com\atguigu\service_base\0.0.1-SNAPSHOT\service_base-0.0.1-SNAPSHOT.jar;C:\maven_repository\org\springframework\cloud\spring-cloud-starter-netflix-hystrix\2.2.1.RELEASE\spring-cloud-starter-netflix-hystrix-2.2.1.RELEASE.jar;C:\maven_repository\org\springframework\cloud\spring-cloud-starter\2.2.1.RELEASE\spring-cloud-starter-2.2.1.RELEASE.jar;C:\maven_repository\org\springframework\security\spring-security-rsa\1.0.9.RELEASE\spring-security-rsa-1.0.9.RELEASE.jar;C:\maven_repository\org\bouncycastle\bcpkix-jdk15on\1.64\bcpkix-jdk15on-1.64.jar;C:\maven_repository\org\bouncycastle\bcprov-jdk15on\1.64\bcprov-jdk15on-1.64.jar;C:\maven_repository\org\springframework\cloud\spring-cloud-netflix-hystrix\2.2.1.RELEASE\spring-cloud-netflix-hystrix-2.2.1.RELEASE.jar;C:\maven_repository\org\springframework\boot\spring-boot-starter-aop\2.2.10.RELEASE\spring-boot-starter-aop-2.2.10.RELEASE.jar;C:\maven_repository\org\springframework\cloud\spring-cloud-netflix-ribbon\2.2.1.RELEASE\spring-cloud-netflix-ribbon-2.2.1.RELEASE.jar;C:\maven_repository\org\springframework\cloud\spring-cloud-netflix-archaius\2.2.1.RELEASE\spring-cloud-netflix-archaius-2.2.1.RELEASE.jar;C:\maven_repository\org\springframework\cloud\spring-cloud-starter-netflix-archaius\2.2.1.RELEASE\spring-cloud-starter-netflix-archaius-2.2.1.RELEASE.jar;C:\maven_repository\com\netflix\archaius\archaius-core\0.7.6\archaius-core-0.7.6.jar;C:\maven_repository\com\google\code\findbugs\jsr305\3.0.1\jsr305-3.0.1.jar;C:\maven_repository\commons-configuration\commons-configuration\1.8\commons-configuration-1.8.jar;C:\maven_repository\commons-lang\commons-lang\2.6\commons-lang-2.6.jar;C:\maven_repository\com\netflix\hystrix\hystrix-core\1.5.18\hystrix-core-1.5.18.jar;C:\maven_repository\io\reactivex\rxjava\1.3.8\rxjava-1.3.8.jar;C:\maven_repository\org\hdrhistogram\HdrHistogram\2.1.9\HdrHistogram-2.1.9.jar;C:\maven_repository\com\netflix\hystrix\hystrix-serialization\1.5.18\hystrix-serialization-1.5.18.jar;C:\maven_repository\com\fasterxml\jackson\module\jackson-module-afterburner\2.10.5\jackson-module-afterburner-2.10.5.jar;C:\maven_repository\com\fasterxml\jackson\core\jackson-core\2.10.5\jackson-core-2.10.5.jar;C:\maven_repository\com\fasterxml\jackson\core\jackson-annotations\2.10.5\jackson-annotations-2.10.5.jar;C:\maven_repository\com\netflix\hystrix\hystrix-metrics-event-stream\1.5.18\hystrix-metrics-event-stream-1.5.18.jar;C:\maven_repository\com\netflix\hystrix\hystrix-javanica\1.5.18\hystrix-javanica-1.5.18.jar;C:\maven_repository\org\ow2\asm\asm\5.0.4\asm-5.0.4.jar;C:\maven_repository\org\aspectj\aspectjweaver\1.9.6\aspectjweaver-1.9.6.jar;C:\maven_repository\io\reactivex\rxjava-reactive-streams\1.2.1\rxjava-reactive-streams-1.2.1.jar;C:\maven_repository\org\reactivestreams\reactive-streams\1.0.3\reactive-streams-1.0.3.jar;C:\maven_repository\com\alibaba\cloud\spring-cloud-starter-alibaba-nacos-discovery\2.2.1.RELEASE\spring-cloud-starter-alibaba-nacos-discovery-2.2.1.RELEASE.jar;C:\maven_repository\com\alibaba\nacos\nacos-client\1.2.1\nacos-client-1.2.1.jar;C:\maven_repository\com\alibaba\nacos\nacos-common\1.2.1\nacos-common-1.2.1.jar;C:\maven_repository\com\alibaba\nacos\nacos-api\1.2.1\nacos-api-1.2.1.jar;C:\maven_repository\io\prometheus\simpleclient\0.5.0\simpleclient-0.5.0.jar;C:\maven_repository\com\alibaba\spring\spring-context-support\1.0.6\spring-context-support-1.0.6.jar;C:\maven_repository\org\springframework\cloud\spring-cloud-commons\2.2.1.RELEASE\spring-cloud-commons-2.2.1.RELEASE.jar;C:\maven_repository\org\springframework\security\spring-security-crypto\5.2.6.RELEASE\spring-security-crypto-5.2.6.RELEASE.jar;C:\maven_repository\org\springframework\cloud\spring-cloud-context\2.2.1.RELEASE\spring-cloud-context-2.2.1.RELEASE.jar;C:\maven_repository\org\springframework\cloud\spring-cloud-starter-netflix-ribbon\2.2.1.RELEASE\spring-cloud-starter-netflix-ribbon-2.2.1.RELEASE.jar;C:\maven_repository\com\netflix\ribbon\ribbon\2.3.0\ribbon-2.3.0.jar;C:\maven_repository\com\netflix\ribbon\ribbon-transport\2.3.0\ribbon-transport-2.3.0.jar;C:\maven_repository\io\reactivex\rxnetty-contexts\0.4.9\rxnetty-contexts-0.4.9.jar;C:\maven_repository\io\reactivex\rxnetty-servo\0.4.9\rxnetty-servo-0.4.9.jar;C:\maven_repository\javax\inject\javax.inject\1\javax.inject-1.jar;C:\maven_repository\io\reactivex\rxnetty\0.4.9\rxnetty-0.4.9.jar;C:\maven_repository\com\netflix\ribbon\ribbon-core\2.3.0\ribbon-core-2.3.0.jar;C:\maven_repository\com\netflix\ribbon\ribbon-httpclient\2.3.0\ribbon-httpclient-2.3.0.jar;C:\maven_repository\commons-collections\commons-collections\3.2.2\commons-collections-3.2.2.jar;C:\maven_repository\com\sun\jersey\jersey-client\1.19.1\jersey-client-1.19.1.jar;C:\maven_repository\com\sun\jersey\contribs\jersey-apache-client4\1.19.1\jersey-apache-client4-1.19.1.jar;C:\maven_repository\com\netflix\servo\servo-core\0.12.21\servo-core-0.12.21.jar;C:\maven_repository\com\netflix\netflix-commons\netflix-commons-util\0.3.0\netflix-commons-util-0.3.0.jar;C:\maven_repository\com\netflix\ribbon\ribbon-loadbalancer\2.3.0\ribbon-loadbalancer-2.3.0.jar;C:\maven_repository\com\netflix\netflix-commons\netflix-statistics\0.1.1\netflix-statistics-0.1.1.jar;C:\maven_repository\org\springframework\cloud\spring-cloud-starter-openfeign\2.2.1.RELEASE\spring-cloud-starter-openfeign-2.2.1.RELEASE.jar;C:\maven_repository\org\springframework\cloud\spring-cloud-openfeign-core\2.2.1.RELEASE\spring-cloud-openfeign-core-2.2.1.RELEASE.jar;C:\maven_repository\io\github\openfeign\form\feign-form-spring\3.8.0\feign-form-spring-3.8.0.jar;C:\maven_repository\io\github\openfeign\form\feign-form\3.8.0\feign-form-3.8.0.jar;C:\maven_repository\org\springframework\spring-web\5.2.9.RELEASE\spring-web-5.2.9.RELEASE.jar;C:\maven_repository\io\github\openfeign\feign-core\10.4.0\feign-core-10.4.0.jar;C:\maven_repository\io\github\openfeign\feign-slf4j\10.4.0\feign-slf4j-10.4.0.jar;C:\maven_repository\io\github\openfeign\feign-hystrix\10.4.0\feign-hystrix-10.4.0.jar;C:\maven_repository\org\springframework\boot\spring-boot-starter-web\2.2.10.RELEASE\spring-boot-starter-web-2.2.10.RELEASE.jar;C:\maven_repository\org\springframework\boot\spring-boot-starter-json\2.2.10.RELEASE\spring-boot-starter-json-2.2.10.RELEASE.jar;C:\maven_repository\com\fasterxml\jackson\datatype\jackson-datatype-jdk8\2.10.5\jackson-datatype-jdk8-2.10.5.jar;C:\maven_repository\com\fasterxml\jackson\datatype\jackson-datatype-jsr310\2.10.5\jackson-datatype-jsr310-2.10.5.jar;C:\maven_repository\com\fasterxml\jackson\module\jackson-module-parameter-names\2.10.5\jackson-module-parameter-names-2.10.5.jar;C:\maven_repository\org\springframework\boot\spring-boot-starter-tomcat\2.2.10.RELEASE\spring-boot-starter-tomcat-2.2.10.RELEASE.jar;C:\maven_repository\org\apache\tomcat\embed\tomcat-embed-core\9.0.38\tomcat-embed-core-9.0.38.jar;C:\maven_repository\org\apache\tomcat\embed\tomcat-embed-el\9.0.38\tomcat-embed-el-9.0.38.jar;C:\maven_repository\org\apache\tomcat\embed\tomcat-embed-websocket\9.0.38\tomcat-embed-websocket-9.0.38.jar;C:\maven_repository\org\springframework\boot\spring-boot-starter-validation\2.2.10.RELEASE\spring-boot-starter-validation-2.2.10.RELEASE.jar;C:\maven_repository\jakarta\validation\jakarta.validation-api\2.0.2\jakarta.validation-api-2.0.2.jar;C:\maven_repository\org\hibernate\validator\hibernate-validator\6.0.20.Final\hibernate-validator-6.0.20.Final.jar;C:\maven_repository\org\jboss\logging\jboss-logging\3.4.1.Final\jboss-logging-3.4.1.Final.jar;C:\maven_repository\org\springframework\spring-webmvc\5.2.9.RELEASE\spring-webmvc-5.2.9.RELEASE.jar;C:\maven_repository\org\springframework\spring-aop\5.2.9.RELEASE\spring-aop-5.2.9.RELEASE.jar;C:\maven_repository\org\springframework\spring-expression\5.2.9.RELEASE\spring-expression-5.2.9.RELEASE.jar;C:\maven_repository\com\baomidou\mybatis-plus-boot-starter\3.0.5\mybatis-plus-boot-starter-3.0.5.jar;C:\maven_repository\com\baomidou\mybatis-plus\3.0.5\mybatis-plus-3.0.5.jar;C:\maven_repository\com\baomidou\mybatis-plus-extension\3.0.5\mybatis-plus-extension-3.0.5.jar;C:\maven_repository\com\baomidou\mybatis-plus-core\3.0.5\mybatis-plus-core-3.0.5.jar;C:\maven_repository\com\baomidou\mybatis-plus-annotation\3.0.5\mybatis-plus-annotation-3.0.5.jar;C:\maven_repository\com\github\jsqlparser\jsqlparser\1.2\jsqlparser-1.2.jar;C:\maven_repository\org\mybatis\mybatis-spring\1.3.2\mybatis-spring-1.3.2.jar;C:\maven_repository\org\mybatis\mybatis\3.4.6\mybatis-3.4.6.jar;C:\maven_repository\com\baomidou\mybatis-plus-generator\3.0.5\mybatis-plus-generator-3.0.5.jar;C:\maven_repository\org\springframework\boot\spring-boot-autoconfigure\2.2.10.RELEASE\spring-boot-autoconfigure-2.2.10.RELEASE.jar;C:\maven_repository\org\springframework\boot\spring-boot-starter-jdbc\2.2.10.RELEASE\spring-boot-starter-jdbc-2.2.10.RELEASE.jar;C:\maven_repository\com\zaxxer\HikariCP\3.4.5\HikariCP-3.4.5.jar;C:\maven_repository\org\springframework\spring-jdbc\5.2.9.RELEASE\spring-jdbc-5.2.9.RELEASE.jar;C:\maven_repository\org\springframework\boot\spring-boot-configuration-processor\2.2.10.RELEASE\spring-boot-configuration-processor-2.2.10.RELEASE.jar;C:\maven_repository\mysql\mysql-connector-java\8.0.21\mysql-connector-java-8.0.21.jar;C:\maven_repository\org\apache\velocity\velocity-engine-core\2.0\velocity-engine-core-2.0.jar;C:\maven_repository\org\apache\commons\commons-lang3\3.9\commons-lang3-3.9.jar;C:\maven_repository\org\slf4j\slf4j-api\1.7.30\slf4j-api-1.7.30.jar;C:\maven_repository\io\springfox\springfox-swagger2\2.7.0\springfox-swagger2-2.7.0.jar;C:\maven_repository\io\swagger\swagger-annotations\1.5.13\swagger-annotations-1.5.13.jar;C:\maven_repository\io\swagger\swagger-models\1.5.13\swagger-models-1.5.13.jar;C:\maven_repository\io\springfox\springfox-spi\2.7.0\springfox-spi-2.7.0.jar;C:\maven_repository\io\springfox\springfox-core\2.7.0\springfox-core-2.7.0.jar;C:\maven_repository\io\springfox\springfox-schema\2.7.0\springfox-schema-2.7.0.jar;C:\maven_repository\io\springfox\springfox-swagger-common\2.7.0\springfox-swagger-common-2.7.0.jar;C:\maven_repository\io\springfox\springfox-spring-web\2.7.0\springfox-spring-web-2.7.0.jar;C:\maven_repository\org\reflections\reflections\0.9.11\reflections-0.9.11.jar;C:\maven_repository\org\javassist\javassist\3.21.0-GA\javassist-3.21.0-GA.jar;C:\maven_repository\com\google\guava\guava\18.0\guava-18.0.jar;C:\maven_repository\com\fasterxml\classmate\1.5.1\classmate-1.5.1.jar;C:\maven_repository\org\springframework\plugin\spring-plugin-core\1.2.0.RELEASE\spring-plugin-core-1.2.0.RELEASE.jar;C:\maven_repository\org\springframework\plugin\spring-plugin-metadata\1.2.0.RELEASE\spring-plugin-metadata-1.2.0.RELEASE.jar;C:\maven_repository\org\mapstruct\mapstruct\1.1.0.Final\mapstruct-1.1.0.Final.jar;C:\maven_repository\io\springfox\springfox-swagger-ui\2.7.0\springfox-swagger-ui-2.7.0.jar;C:\maven_repository\org\projectlombok\lombok\1.18.12\lombok-1.18.12.jar;C:\maven_repository\org\apache\poi\poi\3.17\poi-3.17.jar;C:\maven_repository\commons-codec\commons-codec\1.13\commons-codec-1.13.jar;C:\maven_repository\org\apache\commons\commons-collections4\4.1\commons-collections4-4.1.jar;C:\maven_repository\org\apache\poi\poi-ooxml\3.17\poi-ooxml-3.17.jar;C:\maven_repository\org\apache\poi\poi-ooxml-schemas\3.17\poi-ooxml-schemas-3.17.jar;C:\maven_repository\org\apache\xmlbeans\xmlbeans\2.6.0\xmlbeans-2.6.0.jar;C:\maven_repository\com\github\virtuald\curvesapi\1.04\curvesapi-1.04.jar;C:\maven_repository\commons-fileupload\commons-fileupload\1.3.1\commons-fileupload-1.3.1.jar;C:\maven_repository\org\apache\httpcomponents\httpclient\4.5.1\httpclient-4.5.1.jar;C:\maven_repository\org\apache\httpcomponents\httpcore\4.4.13\httpcore-4.4.13.jar;C:\maven_repository\commons-logging\commons-logging\1.2\commons-logging-1.2.jar;C:\maven_repository\commons-io\commons-io\2.6\commons-io-2.6.jar;C:\maven_repository\junit\junit\4.12\junit-4.12.jar;C:\maven_repository\org\hamcrest\hamcrest-core\2.1\hamcrest-core-2.1.jar;C:\maven_repository\org\springframework\boot\spring-boot-starter\2.2.10.RELEASE\spring-boot-starter-2.2.10.RELEASE.jar;C:\maven_repository\org\springframework\boot\spring-boot\2.2.10.RELEASE\spring-boot-2.2.10.RELEASE.jar;C:\maven_repository\org\springframework\boot\spring-boot-starter-logging\2.2.10.RELEASE\spring-boot-starter-logging-2.2.10.RELEASE.jar;C:\maven_repository\ch\qos\logback\logback-classic\1.2.3\logback-classic-1.2.3.jar;C:\maven_repository\ch\qos\logback\logback-core\1.2.3\logback-core-1.2.3.jar;C:\maven_repository\org\apache\logging\log4j\log4j-to-slf4j\2.12.1\log4j-to-slf4j-2.12.1.jar;C:\maven_repository\org\apache\logging\log4j\log4j-api\2.12.1\log4j-api-2.12.1.jar;C:\maven_repository\org\slf4j\jul-to-slf4j\1.7.30\jul-to-slf4j-1.7.30.jar;C:\maven_repository\jakarta\annotation\jakarta.annotation-api\1.3.5\jakarta.annotation-api-1.3.5.jar;C:\maven_repository\org\springframework\spring-core\5.2.9.RELEASE\spring-core-5.2.9.RELEASE.jar;C:\maven_repository\org\springframework\spring-jcl\5.2.9.RELEASE\spring-jcl-5.2.9.RELEASE.jar;C:\maven_repository\org\yaml\snakeyaml\1.25\snakeyaml-1.25.jar;C:\maven_repository\org\springframework\boot\spring-boot-starter-test\2.2.10.RELEASE\spring-boot-starter-test-2.2.10.RELEASE.jar;C:\maven_repository\org\springframework\boot\spring-boot-test\2.2.10.RELEASE\spring-boot-test-2.2.10.RELEASE.jar;C:\maven_repository\org\springframework\boot\spring-boot-test-autoconfigure\2.2.10.RELEASE\spring-boot-test-autoconfigure-2.2.10.RELEASE.jar;C:\maven_repository\com\jayway\jsonpath\json-path\2.4.0\json-path-2.4.0.jar;C:\maven_repository\net\minidev\json-smart\2.3\json-smart-2.3.jar;C:\maven_repository\net\minidev\accessors-smart\1.2\accessors-smart-1.2.jar;C:\maven_repository\jakarta\xml\bind\jakarta.xml.bind-api\2.3.3\jakarta.xml.bind-api-2.3.3.jar;C:\maven_repository\jakarta\activation\jakarta.activation-api\1.2.2\jakarta.activation-api-1.2.2.jar;C:\maven_repository\org\junit\jupiter\junit-jupiter\5.5.2\junit-jupiter-5.5.2.jar;C:\maven_repository\org\junit\jupiter\junit-jupiter-api\5.5.2\junit-jupiter-api-5.5.2.jar;C:\maven_repository\org\apiguardian\apiguardian-api\1.1.0\apiguardian-api-1.1.0.jar;C:\maven_repository\org\opentest4j\opentest4j\1.2.0\opentest4j-1.2.0.jar;C:\maven_repository\org\junit\platform\junit-platform-commons\1.5.2\junit-platform-commons-1.5.2.jar;C:\maven_repository\org\junit\jupiter\junit-jupiter-params\5.5.2\junit-jupiter-params-5.5.2.jar;C:\maven_repository\org\junit\jupiter\junit-jupiter-engine\5.5.2\junit-jupiter-engine-5.5.2.jar;C:\maven_repository\org\junit\platform\junit-platform-engine\1.5.2\junit-platform-engine-1.5.2.jar;C:\maven_repository\org\mockito\mockito-junit-jupiter\3.1.0\mockito-junit-jupiter-3.1.0.jar;C:\maven_repository\org\assertj\assertj-core\3.13.2\assertj-core-3.13.2.jar;C:\maven_repository\org\hamcrest\hamcrest\2.1\hamcrest-2.1.jar;C:\maven_repository\org\mockito\mockito-core\3.1.0\mockito-core-3.1.0.jar;C:\maven_repository\net\bytebuddy\byte-buddy\1.10.14\byte-buddy-1.10.14.jar;C:\maven_repository\net\bytebuddy\byte-buddy-agent\1.10.14\byte-buddy-agent-1.10.14.jar;C:\maven_repository\org\objenesis\objenesis\2.6\objenesis-2.6.jar;C:\maven_repository\org\skyscreamer\jsonassert\1.5.0\jsonassert-1.5.0.jar;C:\maven_repository\com\vaadin\external\google\android-json\0.0.20131108.vaadin1\android-json-0.0.20131108.vaadin1.jar;C:\maven_repository\org\springframework\spring-test\5.2.9.RELEASE\spring-test-5.2.9.RELEASE.jar;C:\maven_repository\org\xmlunit\xmlunit-core\2.6.4\xmlunit-core-2.6.4.jar;"/>
    <property name="sun.cpu.endian" value="little"/>
    <property name="user.home" value="C:\Users\TiachLi"/>
    <property name="user.language" value="zh"/>
    <property name="java.specification.vendor" value="Oracle Corporation"/>
    <property name="java.home" value="C:\Program Files\Java\jdk1.8.0_131\jre"/>
    <property name="basedir" value="C:\IDEAProject\guli_parent\service\service_vod"/>
    <property name="file.separator" value="\"/>
    <property name="line.separator" value="&#10;"/>
    <property name="java.vm.specification.vendor" value="Oracle Corporation"/>
    <property name="java.specification.name" value="Java Platform API Specification"/>
    <property name="java.awt.graphicsenv" value="sun.awt.Win32GraphicsEnvironment"/>
    <property name="idea.version2020.1.2" value="true"/>
    <property name="surefire.real.class.path" value="C:\Users\TiachLi\AppData\Local\Temp\surefire7513054938137771617\surefirebooter1481689535618307388.jar"/>
    <property name="sun.boot.class.path" value="C:\Program Files\Java\jdk1.8.0_131\jre\lib\resources.jar;C:\Program Files\Java\jdk1.8.0_131\jre\lib\rt.jar;C:\Program Files\Java\jdk1.8.0_131\jre\lib\sunrsasign.jar;C:\Program Files\Java\jdk1.8.0_131\jre\lib\jsse.jar;C:\Program Files\Java\jdk1.8.0_131\jre\lib\jce.jar;C:\Program Files\Java\jdk1.8.0_131\jre\lib\charsets.jar;C:\Program Files\Java\jdk1.8.0_131\jre\lib\jfr.jar;C:\Program Files\Java\jdk1.8.0_131\jre\classes"/>
    <property name="user.script" value=""/>
    <property name="sun.management.compiler" value="HotSpot 64-Bit Tiered Compilers"/>
    <property name="java.runtime.version" value="1.8.0_131-b11"/>
    <property name="user.name" value="TiachLi"/>
    <property name="path.separator" value=";"/>
    <property name="os.version" value="10.0"/>
    <property name="java.endorsed.dirs" value="C:\Program Files\Java\jdk1.8.0_131\jre\lib\endorsed"/>
    <property name="java.runtime.name" value="Java(TM) SE Runtime Environment"/>
    <property name="file.encoding" value="GBK"/>
    <property name="java.vm.name" value="Java HotSpot(TM) 64-Bit Server VM"/>
    <property name="localRepository" value="C:\maven_repository"/>
    <property name="java.vendor.url.bug" value="http://bugreport.sun.com/bugreport/"/>
    <property name="java.io.tmpdir" value="C:\Users\TiachLi\AppData\Local\Temp\"/>
    <property name="java.version" value="1.8.0_131"/>
    <property name="user.dir" value="C:\IDEAProject\guli_parent\service\service_vod"/>
    <property name="os.arch" value="amd64"/>
    <property name="java.vm.specification.name" value="Java Virtual Machine Specification"/>
    <property name="java.awt.printerjob" value="sun.awt.windows.WPrinterJob"/>
    <property name="sun.os.patch.level" value=""/>
    <property name="java.library.path" value="C:\Program Files\Java\jdk1.8.0_131\jre\bin;C:\WINDOWS\Sun\Java\bin;C:\WINDOWS\system32;C:\WINDOWS;C:\ProgramData\Oracle\Java\javapath;C:\Program Files (x86)\Common Files\Oracle\Java\javapath;E:\VM\bin\;C:\Program Files (x86)\NetSarang\Xshell 6\;C:\Program Files (x86)\NetSarang\Xftp 6\;D:\app\TiachLi\product\11.2.0\dbhome_1\bin;C:\Program Files (x86)\Common Files\Intel\Shared Libraries\redist\intel64\compiler;C:\Windows\system32;C:\Windows;C:\Windows\System32\Wbem;C:\Windows\System32\WindowsPowerShell\v1.0\;C:\Windows\System32\OpenSSH\;C:\WINDOWS\system32;C:\WINDOWS;C:\WINDOWS\System32\Wbem;C:\WINDOWS\System32\WindowsPowerShell\v1.0\;C:\WINDOWS\System32\OpenSSH\;C:\Program Files (x86)\CodeBlocks\MinGW\bin;C:\Program Files (x86)\Windows Kits\10\Windows Performance Toolkit\;D:\Matlab2016b\runtime\win64;D:\Matlab2016b\bin;D:\Matlab2016b\polyspace\bin;D:\MySQL\bin;C:\Program Files\dotnet\;E:\MySQL\bin;D:\apache-tomcat-9.0.33\bin\;E:\apache-maven-3.5.2\bin;C:\Program Files\PuTTY\;C:\Program Files\mingw64\bin;C:\Program Files\VisualSVN Server\bin;C:\ProgramData\chocolatey\bin;C:\Program Files\nodejs\;C:\Program Files\Git\cmd;C:\WINDOWS\system32;C:\WINDOWS;C:\WINDOWS\System32\Wbem;C:\WINDOWS\System32\WindowsPowerShell\v1.0\;C:\WINDOWS\System32\OpenSSH\;C:\Program Files\TortoiseGit\bin;C:\Program Files\Microsoft SQL Server\Client SDK\ODBC\170\Tools\Binn\;C:\Program Files (x86)\Microsoft SQL Server\150\Tools\Binn\;C:\Program Files\Microsoft SQL Server\150\Tools\Binn\;C:\Program Files\Microsoft SQL Server\150\DTS\Binn\;C:\Program Files\Azure Data Studio\bin;C:\Program Files (x86)\Microsoft SQL Server\150\DTS\Binn\;C:\Users\TiachLi\AppData\Local\Microsoft\WindowsApps;C:\Qt\Qt5.8.0\5.8\mingw53_32\bin;C:\Program Files\Java\jdk1.8.0_131\bin;C:\Program Files\Java\jdk1.8.0_131\jre\bin;C:\Program Files\JetBrains\IntelliJ IDEA 2020.1.2\bin;;&quot;D:\apache-tomcat-9.0.33\bin;D:\apache-tomcat-9.0.33\lib&quot;;C:\Program Files\Bandizip\;E:\Microsoft VS Code\bin;C:\Users\TiachLi\AppData\Roaming\npm;C:\Program Files\MySQL\MySQL Server 8.0\bin;;C:\Users\TiachLi\AppData\Local\Microsoft\WindowsApps;C:\Program Files\Azure Data Studio\bin;."/>
    <property name="java.vm.info" value="mixed mode"/>
    <property name="java.vendor" value="Oracle Corporation"/>
    <property name="java.vm.version" value="25.131-b11"/>
    <property name="java.ext.dirs" value="C:\Program Files\Java\jdk1.8.0_131\jre\lib\ext;C:\WINDOWS\Sun\Java\lib\ext"/>
    <property name="sun.io.unicode.encoding" value="UnicodeLittle"/>
    <property name="maven.repo.local" value="C:\maven_repository"/>
    <property name="java.class.version" value="52.0"/>
  </properties>
  <testcase name="Test1" classname="TestDemo" time="1.25"/>
</testsuite>